15:15:20 [INFO] [Load] Use TLS (OK)
15:49:12 [INFO] [Load] Use TLS (OK)
16:04:33 [INFO] [Load] Use TLS (OK)
16:05:01 [INFO] [Redis] Ping fail
16:05:51 [INFO] [Load] Use TLS (OK)
16:06:00 [INFO] [Redis] Ping fail, Error : x509: “Certificate Authority” certificate is not trusted
16:11:30 [INFO] [Load] Use TLS (OK)
16:11:47 [INFO] [Redis] Ping fail, Error : x509: “Certificate Authority” certificate is not trusted
16:22:43 [INFO] [Load] Use TLS (OK)
16:23:28 [INFO] [Redis] Ping fail, Error : x509: “Certificate Authority” certificate is not trusted
16:36:31 [INFO] [Load] Use TLS (OK)
16:37:16 [INFO] [Redis] Ping fail, Error : x509: “Certificate Authority” certificate is not trusted
16:37:54 [INFO] [Load] Use TLS (OK)
16:38:13 [INFO] [Redis] Ping fail, Error : x509: cannot validate certificate for 127.0.0.1 because it doesn't contain any IP SANs
16:39:33 [INFO] [Load] Use TLS (OK)
16:39:49 [INFO] [Redis] Ping fail, Error : x509: cannot validate certificate for 127.0.0.1 because it doesn't contain any IP SANs
16:46:50 [INFO] [Load] Use TLS (OK)
16:47:08 [INFO] [Redis] Ping fail, Error : x509: certificate is not valid for any names, but wanted to match localhost
16:48:34 [INFO] [Load] Use TLS (OK)
16:48:54 [INFO] [Redis] Ping result: PONG (OK)
16:58:10 [INFO] [Load] Use TLS (OK)
16:58:53 [INFO] [Redis] Ping fail, Error : context deadline exceeded
16:59:10 [INFO] [Load] Use TLS (OK)
16:59:10 [INFO] [Redis] Ping result: PONG (OK)
19:43:44 [INFO] [Load] Use TLS (OK)
19:48:15 [INFO] [Load] Use TLS (OK)
19:48:30 [INFO] [Redis] Ping fail, Error : context deadline exceeded
19:48:46 [INFO] [Load] Use TLS (OK)
19:48:46 [INFO] [Redis] Ping result: PONG (OK)
20:07:37 [INFO] [Load] Use TLS (OK)
20:07:37 [INFO] [Redis] Ping result: PONG (OK)
20:14:44 [INFO] [Load] Use TLS (OK)
20:14:44 [INFO] [Redis] Ping result: PONG (OK)
20:30:12 [INFO] [Load] Use TLS (OK)
20:30:12 [INFO] [Redis] Ping result: PONG (OK)
20:39:39 [INFO] [Load] Use TLS (OK)
20:39:39 [INFO] [Redis] Ping result: PONG (OK)
20:40:20 [INFO] [Load] Use TLS (OK)
20:40:20 [INFO] [Redis] Ping result: PONG (OK)
20:41:12 [INFO] [Load] Use TLS (OK)
20:41:12 [INFO] [Redis] Ping result: PONG (OK)
20:41:42 [INFO] [Load] Use TLS (OK)
20:41:42 [INFO] [Redis] Ping result: PONG (OK)
20:41:58 [INFO] [Load] Use TLS (OK)
20:41:58 [INFO] [Redis] Ping result: PONG (OK)
20:42:27 [INFO] [Load] Use TLS (OK)
20:42:27 [INFO] [Redis] Ping result: PONG (OK)
20:43:02 [INFO] [Load] Use TLS (OK)
20:43:02 [INFO] [Redis] Ping result: PONG (OK)
20:43:13 [INFO] [Load] Use TLS (OK)
20:43:14 [INFO] [Redis] Ping result: PONG (OK)
20:43:31 [INFO] [Load] Use TLS (OK)
20:43:31 [INFO] [Redis] Ping result: PONG (OK)
20:43:52 [INFO] [Load] Use TLS (OK)
20:43:52 [INFO] [Redis] Ping result: PONG (OK)
20:44:38 [INFO] [Load] Use TLS (OK)
20:44:38 [INFO] [Redis] Ping result: PONG (OK)
20:44:53 [INFO] [Load] Use TLS (OK)
20:44:53 [INFO] [Redis] Ping result: PONG (OK)
21:05:03 [INFO] [Load] Use TLS (OK)
21:05:03 [INFO] [Redis] Ping result: PONG (OK)
21:13:06 [INFO] [Load] Use TLS (OK)
21:13:20 [INFO] [Redis] Ping result: PONG (OK)
21:13:52 [INFO] [Load] Use TLS (OK)
21:13:52 [INFO] [Redis] Ping result: PONG (OK)
21:15:43 [INFO] [Load] Use TLS (OK)
21:15:43 [INFO] [Redis] Ping result: PONG (OK)
21:33:16 [INFO] [Load] Use TLS (OK)
21:33:16 [INFO] [Redis] Ping result: PONG (OK)
21:34:21 [INFO] [Load] Use TLS (OK)
21:34:21 [INFO] [Redis] Ping result: PONG (OK)
21:37:51 [INFO] [Load] Use TLS (OK)
21:37:51 [INFO] [Redis] Ping result: PONG (OK)
21:39:18 [INFO] [Load] Use TLS (OK)
21:39:18 [INFO] [Redis] Ping result: PONG (OK)
21:43:08 [INFO] [Load] Use TLS (OK)
21:43:08 [INFO] [Redis] Ping result: PONG (OK)
21:44:15 [INFO] [Load] Use TLS (OK)
21:44:15 [INFO] [Redis] Ping result: PONG (OK)
21:46:49 [INFO] [Load] Use TLS (OK)
21:46:49 [INFO] [Redis] Ping result: PONG (OK)
21:49:27 [INFO] [Load] Use TLS (OK)
21:49:27 [INFO] [Redis] Ping result: PONG (OK)
21:52:24 [INFO] [Load] Use TLS (OK)
21:52:24 [INFO] [Redis] Ping result: PONG (OK)
21:53:08 [INFO] [Load] Use TLS (OK)
21:53:08 [INFO] [Redis] Ping result: PONG (OK)
21:57:50 [INFO] [Load] Use TLS (OK)
21:57:50 [INFO] [Redis] Ping result: PONG (OK)
22:04:52 [INFO] [Load] Use TLS (OK)
22:04:52 [INFO] [Redis] Ping result: PONG (OK)
22:05:47 [INFO] [Load] Use TLS (OK)
22:05:47 [INFO] [Redis] Ping result: PONG (OK)
22:15:11 [INFO] [Load] Use TLS (OK)
22:15:11 [INFO] [Redis] Ping result: PONG (0.008s, OK)
22:17:41 [INFO] [Load] Use TLS (OK)
22:17:41 [INFO] [Redis] Ping result: PONG (0.020000001s) (OK)
22:18:55 [INFO] [Load] Use TLS (OK)
22:18:55 [INFO] [Redis] Ping result: PONG (0.007s) (OK)
22:19:07 [INFO] [Load] Use TLS (OK)
22:19:26 [INFO] [Redis] Ping result: PONG (2.984s) (OK)
22:30:57 [INFO] [Load] Use TLS (OK)
22:31:35 [INFO] [Redis] Ping result: PONG [0.031s] (OK)
22:32:00 [INFO] [Redis] Ping result: PONG [0.000s] (OK)
22:32:30 [INFO] [Redis] Ping result: PONG [0.001s] (OK)
22:34:59 [INFO] [Load] Use TLS (OK)
22:46:00 [INFO] [Load] Use TLS (OK)
22:46:42 [INFO] [Load] Use TLS (OK)
22:55:04 [INFO] [Load] Use TLS (OK)
22:59:13 [INFO] [Load] Use TLS (OK)
23:00:21 [INFO] [Load] Use TLS (OK)
